This file contains any messages produced by compilers while
running configure, to aid debugging if configure makes a mistake.

It was created by mixlink configure 0.1.0, which was
generated by GNU Autoconf 2.71.  Invocation command line was

  $ ./configure

## --------- ##
## Platform. ##
## --------- ##

hostname = MacBook-Pro-von-Marie.local
uname -m = arm64
uname -r = 21.6.0
uname -s = Darwin
uname -v = Darwin Kernel Version 21.6.0: Thu Sep 29 20:11:33 PDT 2022; root:xnu-8020.240.7~1/RELEASE_ARM64_T8110

/usr/bin/uname -p = arm
/bin/uname -X     = unknown

/bin/arch              = unknown
/usr/bin/arch -k       = unknown
/usr/convex/getsysinfo = unknown
/usr/bin/hostinfo      = Mach kernel version:
	 Darwin Kernel Version 21.6.0: Thu Sep 29 20:11:33 PDT 2022; root:xnu-8020.240.7~1/RELEASE_ARM64_T8110
Kernel configured for up to 8 processors.
8 processors are physically available.
8 processors are logically available.
Processor type: arm64e (ARM64E)
Processors active: 0 1 2 3 4 5 6 7
Primary memory available: 16.00 gigabytes
Default processor set: 497 tasks, 1990 threads, 8 processors
Load average: 2.71, Mach factor: 5.28
/bin/machine           = unknown
/usr/bin/oslevel       = unknown
/bin/universe          = unknown

PATH: /opt/homebrew/bin/
PATH: /opt/homebrew/sbin/
PATH: /usr/local/bin/
PATH: /usr/bin/
PATH: /bin/
PATH: /usr/sbin/
PATH: /sbin/
PATH: /opt/X11/bin/
PATH: /Users/mariebeisemann/Applications/quarto/bin/
PATH: /Library/TeX/texbin/
PATH: /usr/texbin/
PATH: /Applications/RStudio.app/Contents/MacOS/quarto/bin/
PATH: /Applications/RStudio.app/Contents/MacOS/


## ----------- ##
## Core tests. ##
## ----------- ##

configure:1727: checking for gsl-config
configure:1750: found /opt/homebrew/bin/gsl-config
configure:1762: result: /opt/homebrew/bin/gsl-config
configure:1940: creating ./config.status

## ---------------------- ##
## Running config.status. ##
## ---------------------- ##

This file was extended by mixlink config.status 0.1.0, which was
generated by GNU Autoconf 2.71.  Invocation command line was

  CONFIG_FILES    = 
  CONFIG_HEADERS  = 
  CONFIG_LINKS    = 
  CONFIG_COMMANDS = 
  $ ./config.status 

on MacBook-Pro-von-Marie.local

config.status:709: creating src/Makevars

## ---------------- ##
## Cache variables. ##
## ---------------- ##

ac_cv_env_build_alias_set=
ac_cv_env_build_alias_value=
ac_cv_env_host_alias_set=
ac_cv_env_host_alias_value=
ac_cv_env_target_alias_set=
ac_cv_env_target_alias_value=
ac_cv_path_GSL_CONFIG=/opt/homebrew/bin/gsl-config

## ----------------- ##
## Output variables. ##
## ----------------- ##

DEFS='-DPACKAGE_NAME=\"mixlink\" -DPACKAGE_TARNAME=\"mixlink\" -DPACKAGE_VERSION=\"0.1.0\" -DPACKAGE_STRING=\"mixlink\ 0.1.0\" -DPACKAGE_BUGREPORT=\"\" -DPACKAGE_URL=\"\"'
ECHO_C='\c'
ECHO_N=''
ECHO_T=''
GSL_CFLAGS='-I/opt/homebrew/Cellar/gsl/2.7.1/include'
GSL_CONFIG='/opt/homebrew/bin/gsl-config'
GSL_LIBS='-L/opt/homebrew/Cellar/gsl/2.7.1/lib -lgsl -lgslcblas'
LIBOBJS=''
LIBS=''
LTLIBOBJS=''
PACKAGE_BUGREPORT=''
PACKAGE_NAME='mixlink'
PACKAGE_STRING='mixlink 0.1.0'
PACKAGE_TARNAME='mixlink'
PACKAGE_URL=''
PACKAGE_VERSION='0.1.0'
PATH_SEPARATOR=':'
SHELL='/bin/sh'
bindir='${exec_prefix}/bin'
build_alias=''
datadir='${datarootdir}'
datarootdir='${prefix}/share'
docdir='${datarootdir}/doc/${PACKAGE_TARNAME}'
dvidir='${docdir}'
exec_prefix='${prefix}'
host_alias=''
htmldir='${docdir}'
includedir='${prefix}/include'
infodir='${datarootdir}/info'
libdir='${exec_prefix}/lib'
libexecdir='${exec_prefix}/libexec'
localedir='${datarootdir}/locale'
localstatedir='${prefix}/var'
mandir='${datarootdir}/man'
oldincludedir='/usr/include'
pdfdir='${docdir}'
prefix='/usr/local'
program_transform_name='s,x,x,'
psdir='${docdir}'
runstatedir='${localstatedir}/run'
sbindir='${exec_prefix}/sbin'
sharedstatedir='${prefix}/com'
sysconfdir='${prefix}/etc'
target_alias=''

## ----------- ##
## confdefs.h. ##
## ----------- ##

/* confdefs.h */
#define PACKAGE_NAME "mixlink"
#define PACKAGE_TARNAME "mixlink"
#define PACKAGE_VERSION "0.1.0"
#define PACKAGE_STRING "mixlink 0.1.0"
#define PACKAGE_BUGREPORT ""
#define PACKAGE_URL ""

configure: exit 0
